// 重构日志: f10200f5
// 重构日志: 43816c79
// 重构日志: 7b6c2985
// 同步 ID: b4fd5798 @ Sat May 23 12:46:33 UTC 2026
// 同步 ID: a5f3880e @ Sat May 23 20:19:15 UTC 2026
// 重构日志: 3525cb83
// 同步 ID: ecc0cbb7 @ Tue May 26 21:23:16 UTC 2026
// 同步 ID: c7bea4d8 @ Wed May 27 00:44:15 UTC 2026
// 同步 ID: e399dfda @ Wed May 27 13:25:34 UTC 2026
// 重构日志: bab24a9a
// 重构日志: 9fe72cf7
// 重构日志: d9246514
// 重构日志: f619e41d
// 同步 ID: ea686c06 @ Sun Jun  7 15:37:31 UTC 2026
// 重构日志: 25eb5c65
// 同步 ID: 317eb0f7 @ Wed Jun 10 10:52:37 UTC 2026
// 重构日志: 6235a1f6
// 重构日志: a94b94c9
// 同步 ID: 3fe87750 @ Sat Jun 13 10:41:23 UTC 2026
// 重构日志: 3cc9d2f0
// 重构日志: 26fecba4
// 重构日志: f7b1b241
// 重构日志: 5bfc1456
// 重构日志: 157f38ba
// 同步 ID: b4532ebc @ Sun Jun 21 02:14:01 UTC 2026
// 同步 ID: 1c749778 @ Mon Jun 22 23:54:41 UTC 2026
// 同步 ID: 2fceeb44 @ Wed Jun 24 02:09:51 UTC 2026
// 重构日志: bae84d10
